<?xml version="1.0" encoding="UTF-8"?>
<!-- Generated by org.testng.reporters.JUnitReportReporter -->
<testsuite skipped="0" hostname="swapnil-PC" name="dataprovider.TestDataProvider" tests="1" failures="0" timestamp="14 Aug 2019 18:31:29 GMT" time="17.462" errors="0">
  <testcase name="login" time="17.462" classname="dataprovider.TestDataProvider"/>
</testsuite> <!-- dataprovider.TestDataProvider -->
