<?xml version="1.0" encoding="UTF-8"?>
<!-- Generated by org.testng.reporters.JUnitReportReporter -->
<testsuite skipped="1" hostname="swapnil-PC" name="dataprovider2.FetchDataFromExcelFile" tests="1" failures="0" timestamp="17 Sep 2019 02:03:42 GMT" time="0.000" errors="0">
  <testcase name="login" time="0.000" classname="dataprovider2.FetchDataFromExcelFile">
    <skipped/>
  </testcase> <!-- login -->
</testsuite> <!-- dataprovider2.FetchDataFromExcelFile -->
