<?xml version="1.0" encoding="UTF-8"?>
<!-- Generated by org.testng.reporters.JUnitReportReporter -->
<testsuite skipped="0" hostname="swapnil-PC" name="testng.ParameterDemo" tests="1" failures="0" timestamp="21 Aug 2019 02:30:27 GMT" time="0.016" errors="0">
  <testcase name="browserValidation" time="0.016" classname="testng.ParameterDemo"/>
</testsuite> <!-- testng.ParameterDemo -->
