<?xml version="1.0" encoding="UTF-8"?>
<!-- Generated by org.testng.reporters.JUnitReportReporter -->
<testsuite skipped="0" hostname="swapnil-PC" name="dataprovider.PostDataToExcelFile" tests="1" failures="0" timestamp="15 Aug 2019 06:39:39 GMT" time="185.182" errors="0">
  <testcase name="postData" time="185.182" classname="dataprovider.PostDataToExcelFile"/>
</testsuite> <!-- dataprovider.PostDataToExcelFile -->
