<?xml version="1.0" encoding="UTF-8"?>
<!-- Generated by org.testng.reporters.JUnitReportReporter -->
<testsuite skipped="0" hostname="swapnil-PC" name="testng.groupDemo" tests="2" failures="0" timestamp="20 Sep 2019 16:14:09 GMT" time="0.016" errors="0">
  <testcase name="group2" time="0.000" classname="testng.groupDemo"/>
  <testcase name="group1" time="0.016" classname="testng.groupDemo"/>
</testsuite> <!-- testng.groupDemo -->
